{"time": "2026-04-01 14:45:51,457", "pipeline": "data_lakehouse_ingest", "schema": "default", "table": "pipeline_stage", "level": "INFO", "module": "config_loader", "msg": "Loading configuration from local file: /home/ahmed_khan/.data_lakehouse/configs/pangenome2_ingest.json"}
{"time": "2026-04-01 14:45:51,458", "pipeline": "data_lakehouse_ingest", "schema": "default", "table": "pipeline_stage", "level": "INFO", "module": "config_loader", "msg": "Config loaded successfully"}
{"time": "2026-04-01 14:45:51,458", "pipeline": "data_lakehouse_ingest", "schema": "default", "table": "pipeline_stage", "level": "INFO", "module": "config_loader", "msg": "Minimal config validation passed"}
{"time": "2026-04-01 14:45:51,459", "pipeline": "data_lakehouse_ingest", "schema": "default", "table": "pipeline_stage", "level": "INFO", "module": "init_utils", "msg": "Loaded configuration: tenant=None, dataset=pangenome2"}
{"time": "2026-04-01 14:45:51,459", "pipeline": "data_lakehouse_ingest", "schema": "default", "table": "pipeline_stage", "level": "INFO", "module": "init_utils", "msg": "Found 3 table(s) to process"}
{"time": "2026-04-01 14:45:53,758", "pipeline": "data_lakehouse_ingest", "schema": "default", "table": "pipeline_stage", "level": "INFO", "module": "init_utils", "msg": "Personal namespace created/accessed: u_amkhan__pangenome2"}
{"time": "2026-04-01 14:45:55,293", "pipeline": "data_lakehouse_ingest", "schema": "default", "table": "pipeline_stage", "level": "INFO", "module": "init_utils", "msg": "Namespace storage location: s3a://cdm-lake/users-sql-warehouse/amkhan/u_amkhan__pangenome2.db"}
{"time": "2026-04-01 14:45:55,293", "pipeline": "data_lakehouse_ingest", "schema": "default", "table": "pipeline_stage", "level": "INFO", "module": "init_utils", "msg": "Ingestion context initialized successfully."}
{"time": "2026-04-01 14:45:55,293", "pipeline": "data_lakehouse_ingest", "schema": "default", "table": "gene", "level": "INFO", "module": "table_processor", "msg": "Processing table: gene"}
{"time": "2026-04-01 14:45:55,294", "pipeline": "data_lakehouse_ingest", "schema": "default", "table": "gene", "level": "INFO", "module": "schema_utils", "msg": "Using schema_sql for table gene"}
{"time": "2026-04-01 14:45:55,294", "pipeline": "data_lakehouse_ingest", "schema": "default", "table": "gene", "level": "INFO", "module": "schema_utils", "msg": "Parsing SQL schema definition: gene_id STRING, genome_id STRING"}
{"time": "2026-04-01 14:45:55,294", "pipeline": "data_lakehouse_ingest", "schema": "default", "table": "gene", "level": "INFO", "module": "schema_utils", "msg": "Successfully parsed 2 columns from schema_sql."}
{"time": "2026-04-01 14:45:55,294", "pipeline": "data_lakehouse_ingest", "schema": "default", "table": "gene", "level": "INFO", "module": "table_processor", "msg": "   Silver: s3a://cdm-lake/users-sql-warehouse/amkhan/u_amkhan__pangenome2.db"}
{"time": "2026-04-01 14:45:55,294", "pipeline": "data_lakehouse_ingest", "schema": "default", "table": "gene", "level": "INFO", "module": "table_processor", "msg": "   Bronze: s3a://cdm-lake/users-general-warehouse/amkhan/datasets/pangenome-1/table_gene_V1.0.tsv"}
{"time": "2026-04-01 14:45:55,294", "pipeline": "data_lakehouse_ingest", "schema": "default", "table": "gene", "level": "INFO", "module": "dsv_loader", "msg": "📂 Reading TSV data from: s3a://cdm-lake/users-general-warehouse/amkhan/datasets/pangenome-1/table_gene_V1.0.tsv"}
{"time": "2026-04-01 14:45:59,767", "pipeline": "data_lakehouse_ingest", "schema": "default", "table": "gene", "level": "INFO", "module": "dsv_loader", "msg": "✅ Loaded 100 TSV records from s3a://cdm-lake/users-general-warehouse/amkhan/datasets/pangenome-1/table_gene_V1.0.tsv"}
{"time": "2026-04-01 14:46:03,048", "pipeline": "data_lakehouse_ingest", "schema": "default", "table": "gene", "level": "INFO", "module": "schema_utils", "msg": "Applied name-based schema alignment with columns: ['gene_id', 'genome_id']"}
{"time": "2026-04-01 14:46:03,048", "pipeline": "data_lakehouse_ingest", "schema": "default", "table": "gene", "level": "INFO", "module": "io_utils", "msg": "Resolved Delta target path: s3a://cdm-lake/users-sql-warehouse/amkhan/u_amkhan__pangenome2.db/gene"}
{"time": "2026-04-01 14:46:09,996", "pipeline": "data_lakehouse_ingest", "schema": "default", "table": "gene", "level": "INFO", "module": "io_utils", "msg": "Wrote 100 rows → u_amkhan__pangenome2.gene @ s3a://cdm-lake/users-sql-warehouse/amkhan/u_amkhan__pangenome2.db/gene"}
{"time": "2026-04-01 14:46:09,997", "pipeline": "data_lakehouse_ingest", "schema": "default", "table": "gene", "level": "INFO", "module": "table_processor", "msg": "Table u_amkhan__pangenome2.gene: 100 → 100 rows in 14.70s"}
{"time": "2026-04-01 14:46:09,997", "pipeline": "data_lakehouse_ingest", "schema": "default", "table": "genome_ani", "level": "INFO", "module": "table_processor", "msg": "Processing table: genome_ani"}
{"time": "2026-04-01 14:46:09,997", "pipeline": "data_lakehouse_ingest", "schema": "default", "table": "genome_ani", "level": "INFO", "module": "schema_utils", "msg": "Using schema_sql for table genome_ani"}
{"time": "2026-04-01 14:46:09,998", "pipeline": "data_lakehouse_ingest", "schema": "default", "table": "genome_ani", "level": "INFO", "module": "schema_utils", "msg": "Parsing SQL schema definition: genome1_id STRING, genome2_id STRING, protocol_id STRING, ANI DOUBLE, AF DOUBLE, AFMapped BIGINT, AFTotal BIGINT"}
{"time": "2026-04-01 14:46:09,998", "pipeline": "data_lakehouse_ingest", "schema": "default", "table": "genome_ani", "level": "INFO", "module": "schema_utils", "msg": "Successfully parsed 7 columns from schema_sql."}
{"time": "2026-04-01 14:46:09,998", "pipeline": "data_lakehouse_ingest", "schema": "default", "table": "genome_ani", "level": "INFO", "module": "table_processor", "msg": "   Silver: s3a://cdm-lake/users-sql-warehouse/amkhan/u_amkhan__pangenome2.db"}
{"time": "2026-04-01 14:46:09,998", "pipeline": "data_lakehouse_ingest", "schema": "default", "table": "genome_ani", "level": "INFO", "module": "table_processor", "msg": "   Bronze: s3a://cdm-lake/users-general-warehouse/amkhan/datasets/pangenome-1/table_genome_ANI_V1.1.tsv"}
{"time": "2026-04-01 14:46:09,998", "pipeline": "data_lakehouse_ingest", "schema": "default", "table": "genome_ani", "level": "INFO", "module": "dsv_loader", "msg": "📂 Reading TSV data from: s3a://cdm-lake/users-general-warehouse/amkhan/datasets/pangenome-1/table_genome_ANI_V1.1.tsv"}
{"time": "2026-04-01 14:46:12,379", "pipeline": "data_lakehouse_ingest", "schema": "default", "table": "genome_ani", "level": "INFO", "module": "dsv_loader", "msg": "✅ Loaded 100 TSV records from s3a://cdm-lake/users-general-warehouse/amkhan/datasets/pangenome-1/table_genome_ANI_V1.1.tsv"}
{"time": "2026-04-01 14:46:15,319", "pipeline": "data_lakehouse_ingest", "schema": "default", "table": "genome_ani", "level": "INFO", "module": "schema_utils", "msg": "Applied name-based schema alignment with columns: ['genome1_id', 'genome2_id', 'protocol_id', 'ANI', 'AF', 'AFMapped', 'AFTotal']"}
{"time": "2026-04-01 14:46:15,320", "pipeline": "data_lakehouse_ingest", "schema": "default", "table": "genome_ani", "level": "INFO", "module": "io_utils", "msg": "Resolved Delta target path: s3a://cdm-lake/users-sql-warehouse/amkhan/u_amkhan__pangenome2.db/genome_ani"}
{"time": "2026-04-01 14:46:22,732", "pipeline": "data_lakehouse_ingest", "schema": "default", "table": "genome_ani", "level": "INFO", "module": "io_utils", "msg": "Wrote 100 rows → u_amkhan__pangenome2.genome_ani @ s3a://cdm-lake/users-sql-warehouse/amkhan/u_amkhan__pangenome2.db/genome_ani"}
{"time": "2026-04-01 14:46:22,733", "pipeline": "data_lakehouse_ingest", "schema": "default", "table": "genome_ani", "level": "INFO", "module": "table_processor", "msg": "Table u_amkhan__pangenome2.genome_ani: 100 → 100 rows in 12.74s"}
{"time": "2026-04-01 14:46:22,733", "pipeline": "data_lakehouse_ingest", "schema": "default", "table": "genome", "level": "INFO", "module": "table_processor", "msg": "Processing table: genome"}
{"time": "2026-04-01 14:46:22,734", "pipeline": "data_lakehouse_ingest", "schema": "default", "table": "genome", "level": "INFO", "module": "schema_utils", "msg": "Using schema_sql for table genome"}
{"time": "2026-04-01 14:46:22,734", "pipeline": "data_lakehouse_ingest", "schema": "default", "table": "genome", "level": "INFO", "module": "schema_utils", "msg": "Parsing SQL schema definition: genome_id STRING, gtdb_species_clade_id STRING, gtdb_taxonomy_id STRING, ncbi_biosample_id STRING, fna_file_path_nersc STRING, faa_file_path_nersc STRING"}
{"time": "2026-04-01 14:46:22,734", "pipeline": "data_lakehouse_ingest", "schema": "default", "table": "genome", "level": "INFO", "module": "schema_utils", "msg": "Successfully parsed 6 columns from schema_sql."}
{"time": "2026-04-01 14:46:22,734", "pipeline": "data_lakehouse_ingest", "schema": "default", "table": "genome", "level": "INFO", "module": "table_processor", "msg": "   Silver: s3a://cdm-lake/users-sql-warehouse/amkhan/u_amkhan__pangenome2.db"}
{"time": "2026-04-01 14:46:22,734", "pipeline": "data_lakehouse_ingest", "schema": "default", "table": "genome", "level": "INFO", "module": "table_processor", "msg": "   Bronze: s3a://cdm-lake/users-general-warehouse/amkhan/datasets/pangenome-1/table_genome_V1.1.tsv"}
{"time": "2026-04-01 14:46:22,735", "pipeline": "data_lakehouse_ingest", "schema": "default", "table": "genome", "level": "INFO", "module": "dsv_loader", "msg": "📂 Reading TSV data from: s3a://cdm-lake/users-general-warehouse/amkhan/datasets/pangenome-1/table_genome_V1.1.tsv"}
{"time": "2026-04-01 14:46:23,586", "pipeline": "data_lakehouse_ingest", "schema": "default", "table": "genome", "level": "INFO", "module": "dsv_loader", "msg": "✅ Loaded 100 TSV records from s3a://cdm-lake/users-general-warehouse/amkhan/datasets/pangenome-1/table_genome_V1.1.tsv"}
{"time": "2026-04-01 14:46:25,204", "pipeline": "data_lakehouse_ingest", "schema": "default", "table": "genome", "level": "INFO", "module": "schema_utils", "msg": "Applied name-based schema alignment with columns: ['genome_id', 'gtdb_species_clade_id', 'gtdb_taxonomy_id', 'ncbi_biosample_id', 'fna_file_path_nersc', 'faa_file_path_nersc']"}
{"time": "2026-04-01 14:46:25,204", "pipeline": "data_lakehouse_ingest", "schema": "default", "table": "genome", "level": "INFO", "module": "io_utils", "msg": "Resolved Delta target path: s3a://cdm-lake/users-sql-warehouse/amkhan/u_amkhan__pangenome2.db/genome"}
{"time": "2026-04-01 14:46:29,528", "pipeline": "data_lakehouse_ingest", "schema": "default", "table": "genome", "level": "INFO", "module": "io_utils", "msg": "Wrote 100 rows → u_amkhan__pangenome2.genome @ s3a://cdm-lake/users-sql-warehouse/amkhan/u_amkhan__pangenome2.db/genome"}
{"time": "2026-04-01 14:46:29,529", "pipeline": "data_lakehouse_ingest", "schema": "default", "table": "genome", "level": "INFO", "module": "table_processor", "msg": "Table u_amkhan__pangenome2.genome: 100 → 100 rows in 6.80s"}
{"time": "2026-04-01 14:46:29,529", "pipeline": "data_lakehouse_ingest", "schema": "default", "table": "genome", "level": "INFO", "module": "core", "msg": "Ingestion complete"}
{"time": "2026-04-01 14:46:29,529", "pipeline": "data_lakehouse_ingest", "schema": "default", "table": "genome", "level": "INFO", "module": "logger", "msg": "{
  "success": true,
  "started_at": "2026-04-01T19:45:51.455172+00:00",
  "ended_at": "2026-04-01T19:46:29.529612+00:00",
  "duration_sec": 38.07444,
  "tables": [
    {
      "name": "gene",
      "tenant": null,
      "target_table": "u_amkhan__pangenome2.gene",
      "mode": "overwrite",
      "format": "tsv",
      "schema_source": "schema_sql",
      "input_source": "bronze",
      "bronze_path": "s3a://cdm-lake/users-general-warehouse/amkhan/datasets/pangenome-1/table_gene_V1.0.tsv",
      "silver_path": "s3a://cdm-lake/users-sql-warehouse/amkhan/u_amkhan__pangenome2.db",
      "rows_in": 100,
      "rows_written": 100,
      "rows_rejected": 0,
      "extra_columns_dropped": [],
      "partitions_written": null,
      "quarantine_path": "s3a://cdm-lake/users-sql-warehouse/amkhan/u_amkhan__pangenome2.db/quarantine/2026-04-01T19-45-51.455172+00-00/",
      "elapsed_sec": 14.702918,
      "status": "success",
      "comments_report": null
    },
    {
      "name": "genome_ani",
      "tenant": null,
      "target_table": "u_amkhan__pangenome2.genome_ani",
      "mode": "overwrite",
      "format": "tsv",
      "schema_source": "schema_sql",
      "input_source": "bronze",
      "bronze_path": "s3a://cdm-lake/users-general-warehouse/amkhan/datasets/pangenome-1/table_genome_ANI_V1.1.tsv",
      "silver_path": "s3a://cdm-lake/users-sql-warehouse/amkhan/u_amkhan__pangenome2.db",
      "rows_in": 100,
      "rows_written": 100,
      "rows_rejected": 0,
      "extra_columns_dropped": [],
      "partitions_written": null,
      "quarantine_path": "s3a://cdm-lake/users-sql-warehouse/amkhan/u_amkhan__pangenome2.db/quarantine/2026-04-01T19-45-51.455172+00-00/",
      "elapsed_sec": 12.735649,
      "status": "success",
      "comments_report": null
    },
    {
      "name": "genome",
      "tenant": null,
      "target_table": "u_amkhan__pangenome2.genome",
      "mode": "overwrite",
      "format": "tsv",
      "schema_source": "schema_sql",
      "input_source": "bronze",
      "bronze_path": "s3a://cdm-lake/users-general-warehouse/amkhan/datasets/pangenome-1/table_genome_V1.1.tsv",
      "silver_path": "s3a://cdm-lake/users-sql-warehouse/amkhan/u_amkhan__pangenome2.db",
      "rows_in": 100,
      "rows_written": 100,
      "rows_rejected": 0,
      "extra_columns_dropped": [],
      "partitions_written": null,
      "quarantine_path": "s3a://cdm-lake/users-sql-warehouse/amkhan/u_amkhan__pangenome2.db/quarantine/2026-04-01T19-45-51.455172+00-00/",
      "elapsed_sec": 6.795191,
      "status": "success",
      "comments_report": null
    }
  ],
  "errors": []
}"}
