{"time": "2026-03-24 14:47:58,050", "pipeline": "data_lakehouse_ingest", "schema": "default", "table": "pipeline_stage", "level": "INFO", "module": "config_loader", "msg": "Fetching config from MinIO: bucket=cdm-lake, key=users-general-warehouse/amkhan/datasets/pangenome_ke_1/gene_config.json"}
{"time": "2026-03-24 14:47:58,184", "pipeline": "data_lakehouse_ingest", "schema": "default", "table": "pipeline_stage", "level": "INFO", "module": "config_loader", "msg": "Config loaded successfully"}
{"time": "2026-03-24 14:47:58,186", "pipeline": "data_lakehouse_ingest", "schema": "default", "table": "pipeline_stage", "level": "INFO", "module": "config_loader", "msg": "Minimal config validation passed"}
{"time": "2026-03-24 14:47:58,188", "pipeline": "data_lakehouse_ingest", "schema": "default", "table": "pipeline_stage", "level": "INFO", "module": "init_utils", "msg": "Loaded configuration: tenant=u_amkhan_, dataset=pangenome_ke_1"}
{"time": "2026-03-24 14:47:58,189", "pipeline": "data_lakehouse_ingest", "schema": "default", "table": "pipeline_stage", "level": "INFO", "module": "init_utils", "msg": "Found 1 table(s) to process"}
{"time": "2026-03-24 14:47:58,470", "pipeline": "data_lakehouse_ingest", "schema": "default", "table": "pipeline_stage", "level": "INFO", "module": "init_utils", "msg": "Tenant namespace created/accessed: u_amkhan__pangenome_ke_1"}
{"time": "2026-03-24 14:47:59,438", "pipeline": "data_lakehouse_ingest", "schema": "default", "table": "pipeline_stage", "level": "INFO", "module": "init_utils", "msg": "Namespace storage location: s3a://cdm-lake/users-sql-warehouse/amkhan/u_amkhan__pangenome_ke_1.db"}
{"time": "2026-03-24 14:47:59,439", "pipeline": "data_lakehouse_ingest", "schema": "default", "table": "pipeline_stage", "level": "INFO", "module": "init_utils", "msg": "Ingestion context initialized successfully."}
{"time": "2026-03-24 14:47:59,440", "pipeline": "data_lakehouse_ingest", "schema": "default", "table": "gene", "level": "INFO", "module": "table_processor", "msg": "Processing table: gene"}
{"time": "2026-03-24 14:47:59,441", "pipeline": "data_lakehouse_ingest", "schema": "default", "table": "gene", "level": "INFO", "module": "schema_utils", "msg": "Using schema_sql for table gene"}
{"time": "2026-03-24 14:47:59,442", "pipeline": "data_lakehouse_ingest", "schema": "default", "table": "gene", "level": "INFO", "module": "schema_utils", "msg": "Parsing SQL schema definition: gene_id STRING, genome_id STRING"}
{"time": "2026-03-24 14:47:59,443", "pipeline": "data_lakehouse_ingest", "schema": "default", "table": "gene", "level": "INFO", "module": "schema_utils", "msg": "Successfully parsed 2 columns from schema_sql."}
{"time": "2026-03-24 14:47:59,444", "pipeline": "data_lakehouse_ingest", "schema": "default", "table": "gene", "level": "INFO", "module": "table_processor", "msg": "   Silver: s3a://cdm-lake/users-sql-warehouse/amkhan/u_amkhan__pangenome_ke_1.db"}
{"time": "2026-03-24 14:47:59,446", "pipeline": "data_lakehouse_ingest", "schema": "default", "table": "gene", "level": "INFO", "module": "table_processor", "msg": "   Bronze: s3a://cdm-lake/users-general-warehouse/amkhan/datasets/pangenome_ke_1/gene.tsv"}
{"time": "2026-03-24 14:47:59,447", "pipeline": "data_lakehouse_ingest", "schema": "default", "table": "gene", "level": "INFO", "module": "dsv_loader", "msg": "📂 Reading TSV data from: s3a://cdm-lake/users-general-warehouse/amkhan/datasets/pangenome_ke_1/gene.tsv"}
{"time": "2026-03-24 14:48:00,189", "pipeline": "data_lakehouse_ingest", "schema": "default", "table": "gene", "level": "INFO", "module": "dsv_loader", "msg": "✅ Loaded 100 TSV records from s3a://cdm-lake/users-general-warehouse/amkhan/datasets/pangenome_ke_1/gene.tsv"}
{"time": "2026-03-24 14:48:01,484", "pipeline": "data_lakehouse_ingest", "schema": "default", "table": "gene", "level": "INFO", "module": "schema_utils", "msg": "Applied name-based schema alignment with columns: ['gene_id', 'genome_id']"}
{"time": "2026-03-24 14:48:01,485", "pipeline": "data_lakehouse_ingest", "schema": "default", "table": "gene", "level": "INFO", "module": "io_utils", "msg": "Resolved Delta target path: s3a://cdm-lake/users-sql-warehouse/amkhan/u_amkhan__pangenome_ke_1.db/gene"}
{"time": "2026-03-24 14:48:04,186", "pipeline": "data_lakehouse_ingest", "schema": "default", "table": "gene", "level": "INFO", "module": "io_utils", "msg": "Wrote 100 rows → u_amkhan__pangenome_ke_1.gene @ s3a://cdm-lake/users-sql-warehouse/amkhan/u_amkhan__pangenome_ke_1.db/gene"}
{"time": "2026-03-24 14:48:04,188", "pipeline": "data_lakehouse_ingest", "schema": "default", "table": "gene", "level": "INFO", "module": "table_processor", "msg": "Table u_amkhan__pangenome_ke_1.gene: 100 → 100 rows in 4.75s"}
{"time": "2026-03-24 14:48:04,189", "pipeline": "data_lakehouse_ingest", "schema": "default", "table": "gene", "level": "INFO", "module": "core", "msg": "Ingestion complete"}
{"time": "2026-03-24 14:48:04,190", "pipeline": "data_lakehouse_ingest", "schema": "default", "table": "gene", "level": "INFO", "module": "logger", "msg": "{
  "success": true,
  "started_at": "2026-03-24T19:47:58.047171+00:00",
  "ended_at": "2026-03-24T19:48:04.189908+00:00",
  "duration_sec": 6.142737,
  "tables": [
    {
      "name": "gene",
      "tenant": "u_amkhan_",
      "target_table": "u_amkhan__pangenome_ke_1.gene",
      "mode": "overwrite",
      "format": "tsv",
      "schema_source": "schema_sql",
      "input_source": "bronze",
      "bronze_path": "s3a://cdm-lake/users-general-warehouse/amkhan/datasets/pangenome_ke_1/gene.tsv",
      "silver_path": "s3a://cdm-lake/users-sql-warehouse/amkhan/u_amkhan__pangenome_ke_1.db",
      "rows_in": 100,
      "rows_written": 100,
      "rows_rejected": 0,
      "extra_columns_dropped": [],
      "partitions_written": null,
      "quarantine_path": "s3a://cdm-lake/users-sql-warehouse/amkhan/u_amkhan__pangenome_ke_1.db/quarantine/2026-03-24T19-47-58.047171+00-00/",
      "elapsed_sec": 4.746885,
      "status": "success",
      "comments_report": null
    }
  ],
  "errors": []
}"}
