{"time": "2026-03-24 15:09:26,074", "pipeline": "data_lakehouse_ingest", "schema": "default", "table": "pipeline_stage", "level": "INFO", "module": "config_loader", "msg": "Fetching config from MinIO: bucket=cdm-lake, key=users-general-warehouse/amkhan/datasets/pangenome_ke_1/gtdb_species_clade_config.json"}
{"time": "2026-03-24 15:09:26,194", "pipeline": "data_lakehouse_ingest", "schema": "default", "table": "pipeline_stage", "level": "INFO", "module": "config_loader", "msg": "Config loaded successfully"}
{"time": "2026-03-24 15:09:26,196", "pipeline": "data_lakehouse_ingest", "schema": "default", "table": "pipeline_stage", "level": "INFO", "module": "config_loader", "msg": "Minimal config validation passed"}
{"time": "2026-03-24 15:09:26,198", "pipeline": "data_lakehouse_ingest", "schema": "default", "table": "pipeline_stage", "level": "INFO", "module": "init_utils", "msg": "Loaded configuration: tenant=u_amkhan_, dataset=pangenome_ke_1"}
{"time": "2026-03-24 15:09:26,200", "pipeline": "data_lakehouse_ingest", "schema": "default", "table": "pipeline_stage", "level": "INFO", "module": "init_utils", "msg": "Found 1 table(s) to process"}
{"time": "2026-03-24 15:09:26,435", "pipeline": "data_lakehouse_ingest", "schema": "default", "table": "pipeline_stage", "level": "INFO", "module": "init_utils", "msg": "Tenant namespace created/accessed: u_amkhan__pangenome_ke_1"}
{"time": "2026-03-24 15:09:27,248", "pipeline": "data_lakehouse_ingest", "schema": "default", "table": "pipeline_stage", "level": "INFO", "module": "init_utils", "msg": "Namespace storage location: s3a://cdm-lake/users-sql-warehouse/amkhan/u_amkhan__pangenome_ke_1.db"}
{"time": "2026-03-24 15:09:27,249", "pipeline": "data_lakehouse_ingest", "schema": "default", "table": "pipeline_stage", "level": "INFO", "module": "init_utils", "msg": "Ingestion context initialized successfully."}
{"time": "2026-03-24 15:09:27,251", "pipeline": "data_lakehouse_ingest", "schema": "default", "table": "gtdb_species_clade", "level": "INFO", "module": "table_processor", "msg": "Processing table: gtdb_species_clade"}
{"time": "2026-03-24 15:09:27,252", "pipeline": "data_lakehouse_ingest", "schema": "default", "table": "gtdb_species_clade", "level": "INFO", "module": "schema_utils", "msg": "Using schema_sql for table gtdb_species_clade"}
{"time": "2026-03-24 15:09:27,253", "pipeline": "data_lakehouse_ingest", "schema": "default", "table": "gtdb_species_clade", "level": "INFO", "module": "schema_utils", "msg": "Parsing SQL schema definition: gtdb_species_clade_id STRING, representative_genome_id STRING, GTDB_species STRING, GTDB_taxonomy STRING, ANI_circumscription_radius DOUBLE, mean_intra_species_ANI DOUBLE, min_intra_species_ANI DOUBLE, mean_intra_species_AF DOUBLE, min_intra_species_AF DOUBLE, no_clustered_genomes_unfiltered INT, no_clustered_genomes_filtered INT"}
{"time": "2026-03-24 15:09:27,254", "pipeline": "data_lakehouse_ingest", "schema": "default", "table": "gtdb_species_clade", "level": "INFO", "module": "schema_utils", "msg": "Successfully parsed 11 columns from schema_sql."}
{"time": "2026-03-24 15:09:27,255", "pipeline": "data_lakehouse_ingest", "schema": "default", "table": "gtdb_species_clade", "level": "INFO", "module": "table_processor", "msg": "   Silver: s3a://cdm-lake/users-sql-warehouse/amkhan/u_amkhan__pangenome_ke_1.db"}
{"time": "2026-03-24 15:09:27,256", "pipeline": "data_lakehouse_ingest", "schema": "default", "table": "gtdb_species_clade", "level": "INFO", "module": "table_processor", "msg": "   Bronze: s3a://cdm-lake/users-general-warehouse/amkhan/datasets/pangenome_ke_1/gtdb_species_clade.tsv"}
{"time": "2026-03-24 15:09:27,257", "pipeline": "data_lakehouse_ingest", "schema": "default", "table": "gtdb_species_clade", "level": "INFO", "module": "dsv_loader", "msg": "📂 Reading TSV data from: s3a://cdm-lake/users-general-warehouse/amkhan/datasets/pangenome_ke_1/gtdb_species_clade.tsv"}
{"time": "2026-03-24 15:09:27,858", "pipeline": "data_lakehouse_ingest", "schema": "default", "table": "gtdb_species_clade", "level": "INFO", "module": "dsv_loader", "msg": "✅ Loaded 100 TSV records from s3a://cdm-lake/users-general-warehouse/amkhan/datasets/pangenome_ke_1/gtdb_species_clade.tsv"}
{"time": "2026-03-24 15:09:29,140", "pipeline": "data_lakehouse_ingest", "schema": "default", "table": "gtdb_species_clade", "level": "INFO", "module": "schema_utils", "msg": "Applied name-based schema alignment with columns: ['gtdb_species_clade_id', 'representative_genome_id', 'GTDB_species', 'GTDB_taxonomy', 'ANI_circumscription_radius', 'mean_intra_species_ANI', 'min_intra_species_ANI', 'mean_intra_species_AF', 'min_intra_species_AF', 'no_clustered_genomes_unfiltered', 'no_clustered_genomes_filtered']"}
{"time": "2026-03-24 15:09:29,142", "pipeline": "data_lakehouse_ingest", "schema": "default", "table": "gtdb_species_clade", "level": "INFO", "module": "io_utils", "msg": "Resolved Delta target path: s3a://cdm-lake/users-sql-warehouse/amkhan/u_amkhan__pangenome_ke_1.db/gtdb_species_clade"}
{"time": "2026-03-24 15:09:32,277", "pipeline": "data_lakehouse_ingest", "schema": "default", "table": "gtdb_species_clade", "level": "INFO", "module": "io_utils", "msg": "Wrote 100 rows → u_amkhan__pangenome_ke_1.gtdb_species_clade @ s3a://cdm-lake/users-sql-warehouse/amkhan/u_amkhan__pangenome_ke_1.db/gtdb_species_clade"}
{"time": "2026-03-24 15:09:32,280", "pipeline": "data_lakehouse_ingest", "schema": "default", "table": "gtdb_species_clade", "level": "INFO", "module": "table_processor", "msg": "Table u_amkhan__pangenome_ke_1.gtdb_species_clade: 100 → 100 rows in 5.03s"}
{"time": "2026-03-24 15:09:32,282", "pipeline": "data_lakehouse_ingest", "schema": "default", "table": "gtdb_species_clade", "level": "INFO", "module": "core", "msg": "Ingestion complete"}
{"time": "2026-03-24 15:09:32,283", "pipeline": "data_lakehouse_ingest", "schema": "default", "table": "gtdb_species_clade", "level": "INFO", "module": "logger", "msg": "{
  "success": true,
  "started_at": "2026-03-24T20:09:26.071287+00:00",
  "ended_at": "2026-03-24T20:09:32.282453+00:00",
  "duration_sec": 6.211166,
  "tables": [
    {
      "name": "gtdb_species_clade",
      "tenant": "u_amkhan_",
      "target_table": "u_amkhan__pangenome_ke_1.gtdb_species_clade",
      "mode": "overwrite",
      "format": "tsv",
      "schema_source": "schema_sql",
      "input_source": "bronze",
      "bronze_path": "s3a://cdm-lake/users-general-warehouse/amkhan/datasets/pangenome_ke_1/gtdb_species_clade.tsv",
      "silver_path": "s3a://cdm-lake/users-sql-warehouse/amkhan/u_amkhan__pangenome_ke_1.db",
      "rows_in": 100,
      "rows_written": 100,
      "rows_rejected": 0,
      "extra_columns_dropped": [],
      "partitions_written": null,
      "quarantine_path": "s3a://cdm-lake/users-sql-warehouse/amkhan/u_amkhan__pangenome_ke_1.db/quarantine/2026-03-24T20-09-26.071287+00-00/",
      "elapsed_sec": 5.028619,
      "status": "success",
      "comments_report": null
    }
  ],
  "errors": []
}"}
